Create/Modify a user:\"${PH_SUDO}\" confoper_ph.sh -p user -a def
Delete the default raspberry user:\"${PH_SUDO}\" confoper_ph.sh -p del_stduser -d def
Create SSH keypair for a user:\"${PH_SUDO}\" confoper_ph.sh -p sshkey -t def
Enable/Disable SSH:\"${PH_SUDO}\" confoper_ph.sh -p ssh -s def
Change the system hostname:\"${PH_SUDO}\" confoper_ph.sh -p host -n def
Change the system timezone:\"${PH_SUDO}\" confoper_ph.sh -p tzone -z def
Change the system locales:\"${PH_SUDO}\" confoper_ph.sh -p locale -f def
Change the system audio channel:\"${PH_SUDO}\" confoper_ph.sh -p audio -c def
Change the keyboard layout:\"${PH_SUDO}\" confoper_ph.sh -p keyb -k def
Change the default boot environment:\"${PH_SUDO}\" confoper_ph.sh -p bootenv -e def
Change the GPU-reserved memory:\"${PH_SUDO}\" confoper_ph.sh -p memsplit -m def
Change wether to wait for network on boot:\"${PH_SUDO}\" confoper_ph.sh -p netwait -w def
Change the display overscan:\"${PH_SUDO}\" confoper_ph.sh -p overscan -b def -u def -l def -r def
Change all settings:\"${PH_SUDO}\" confoper_ph.sh -p all-usedef
List all retained values:\"${PH_SUDO}\" confoper_ph.sh -p dispdef
Go to System:ph_show_menu System
Go to Main:ph_show_menu Main
Open a shell (Type 'CTRL-D' to return):echo;cd;/bin/bash
Quit:break
Return to previous screen:return
