Start or switch to Bash:startbash.sh
Stop Bash:stopbash.sh force
Restart Bash:restartbash.sh force
Update Bash to the latest version (only if installed as a package):ph_update_pkg $PH_BASH_PKG_NAME
List all available options for Bash:confopts_ph.sh -p list -a Bash
View the current value of Bash option(s) (Variable expansion disabled):confopts_ph.sh -p prompt -a Bash -g
View the current value of Bash option(s) (Variable expansion enabled):confopts_ph.sh -p prompt -a Bash -g -r
Change the value of read-write Bash option(s) (Variable expansion disabled):confopts_ph.sh -p prompt -a Bash -s
Change the value of read-write Bash option(s) (Variable expansion enabled):confopts_ph.sh -p prompt -a Bash -s -r
Display help for Bash option(s) (Variable expansion disabled):confopts_ph.sh -p prompt -a Bash -d
Display help for Bash option(s) (Variable expansion enabled):confopts_ph.sh -p prompt -a Bash -d -r
Display TTY currently allocated to Bash:confapps_ph.sh -p tty -a Bash
Move Bash to another TTY:confapps_ph.sh -p move -a Bash -t prompt
AppManagement menu:ph_show_menu AppManagement
Apps menu and submenus:ph_show_menu Apps
Controllers menu and submenus:ph_show_menu Controllers
Advanced menu:ph_show_menu Advanced
Main menu:ph_show_menu Main
Force quit to shell:echo "You can always return to the PieHelper menu by typing 'startpieh.sh -p' to start on a pseudo-terminal" ; echo "Or by typing 'startpieh.sh' to start on a TTY" ; echo '' ; exit 0
Return to previous menu or shell:return
