Start or switch to Emulationstation:startemul.sh
Stop Emulationstation:stopemul.sh force
Restart Emulationstation:restartemul.sh force
Install Emulationstation:confapps_ph.sh -p int -a Emulationstation
Uninstall Emulationstation:confapps_ph.sh -p rem -a Emulationstation
Configure Emulationstation:confapps_ph.sh -p conf -a Emulationstation
List all available options for Emulationstation:confopts_ph.sh -p list -a Emulationstation
View the current value of Emulationstation option(s) (Variable expansion disabled):confopts_ph.sh -p prompt -a Emulationstation -g
View the current value of Emulationstation option(s) (Variable expansion enabled):confopts_ph.sh -p prompt -a Emulationstation -g -r
Change the value of read-write Emulationstation option(s) (Variable expansion disabled):confopts_ph.sh -p prompt -a Emulationstation -s
Change the value of read-write Emulationstation option(s) (Variable expansion enabled):confopts_ph.sh -p prompt -a Emulationstation -s -r
Display help for Emulationstation option(s) (Variable expansion disabled):confopts_ph.sh -p prompt -a Emulationstation -d
Display help for Emulationstation option(s) (Variable expansion enabled):confopts_ph.sh -p prompt -a Emulationstation -d -r
Display TTY currently allocated to Emulationstation:confapps_ph.sh -p tty -a Emulationstation
Move Emulationstation to another TTY:confapps_ph.sh -p move -a Emulationstation -t prompt
AppManagement menu:ph_show_menu AppManagement
Apps menu and submenus:ph_show_menu Apps
Controllers menu and submenus:ph_show_menu Controllers
Advanced menu:ph_show_menu Advanced
Main menu:ph_show_menu Main
Force quit to shell:echo "You can always return to the PieHelper menu by typing 'startpieh.sh -p' to start on a pseudo-terminal" ; echo "Or by typing 'startpieh.sh' to start on a TTY" ; echo '' ; exit 0
Return to previous menu or shell:return
