Show option values:confopts_ph.sh -p prompt -a "PieHelper" -g
Display option help:confopts_ph.sh -p prompt -a "PieHelper" -d
Change option values:confopts_ph.sh -p prompt -a "PieHelper" -s
Change all option values:confopts_ph.sh -p set -a "PieHelper" | more
Reset all option values:confopts_ph.sh -p reset -a "PieHelper" | more
List all options:confopts_ph.sh -p list -a "PieHelper" | more
Go to PieHelper:ph_show_menu "PieHelper"
Go to Running:ph_show_menu Running
Go to Halted:ph_show_menu Halted
Go to Integrated:ph_show_menu Integrated
Go to Out-of-scope:ph_show_menu Supported
Go to Default:ph_show_menu Default
Go to Default:ph_show_menu Default
Go to Out-of-scope:ph_show_menu Out-of-scope
Go to Out-of-scope:ph_show_menu Out-of-scope
Go to Applications:ph_show_menu Applications
Go to Main:ph_show_menu Main
Open a shell (Type CTRL-D to return):cd;/bin/bash
Quit:break
Return to previous screen:return
