Run all OS configuration functions using stored defaults:"$PH_SUDO" "$PH_SCRIPTS_DIR"/confoper_ph.sh -p all-usedef
Run all OS configuration functions interactively:"$PH_SUDO" "$PH_SCRIPTS_DIR"/confoper_ph.sh -p all -i
Run 'create a new user/modify existing user' function interactively:"$PH_SUDO" "$PH_SCRIPTS_DIR"/confoper_ph.sh -p user -i
Run 'create a new user/modify existing user' function using stored default:"$PH_SUDO" "$PH_SCRIPTS_DIR"/confoper_ph.sh -p user -a def
Run 'create a public/private keypair for user' function interactively:"$PH_SUDO" "$PH_SCRIPTS_DIR"/confoper_ph.sh -p sshkey -i
Run 'create a public/private keypair for user' function using stored default:"$PH_SUDO" "$PH_SCRIPTS_DIR"/confoper_ph.sh -p sshkey -t def
Run 'configure system hostname' function interactively:"$PH_SUDO" "$PH_SCRIPTS_DIR"/confoper_ph.sh -p host -i
Run 'configure system hostname' function using stored default:"$PH_SUDO" "$PH_SCRIPTS_DIR"/confoper_ph.sh -p host -n def
Run 'configure memory amount that is exclusively reserved for the GPU' function interactively:"$PH_SUDO" "$PH_SCRIPTS_DIR"/confoper_ph.sh -p memsplit -i
Run 'configure memory amount that is exclusively reserved for the GPU' function using stored default:"$PH_SUDO" "$PH_SCRIPTS_DIR"/confoper_ph.sh -p memsplit -m def
Run 'configure audio channel' function interactively:"$PH_SUDO" "$PH_SCRIPTS_DIR"/confoper_ph.sh -p audio -i
Run 'configure audio channel' function using stored default:"$PH_SUDO" "$PH_SCRIPTS_DIR"/confoper_ph.sh -p audio -c def
Run 'configure system timezone' function interactively:"$PH_SUDO" "$PH_SCRIPTS_DIR"/confoper_ph.sh -p tzone -i
Run 'configure system timezone' function using stored default:"$PH_SUDO" "$PH_SCRIPTS_DIR"/confoper_ph.sh -p tzone -z def
Run 'configure default keyboard layout' function interactively:"$PH_SUDO" "$PH_SCRIPTS_DIR"/confoper_ph.sh -p keyb -i
Run 'configure default keyboard layout' function using stored default:"$PH_SUDO" "$PH_SCRIPTS_DIR"/confoper_ph.sh -p keyb -k def
Run 'configure default boot environment' function interactively:"$PH_SUDO" "$PH_SCRIPTS_DIR"/confoper_ph.sh -p bootenv -i
Run 'configure default boot environment' function using stored default:"$PH_SUDO" "$PH_SCRIPTS_DIR"/confoper_ph.sh -p bootenv -e def
Run 'wait for network on boot' function interactively:"$PH_SUDO" "$PH_SCRIPTS_DIR"/confoper_ph.sh -p netwait -i
Run 'wait for network on boot' function using stored default:"$PH_SUDO" "$PH_SCRIPTS_DIR"/confoper_ph.sh -p netwait -w def
Run 'configure system locale' function interactively:"$PH_SUDO" "$PH_SCRIPTS_DIR"/confoper_ph.sh -p locale -i
Run 'configure system locale' function using stored default:"$PH_SUDO" "$PH_SCRIPTS_DIR"/confoper_ph.sh -p locale -f def
Run 'configure overscan' function interactively:"$PH_SUDO" "$PH_SCRIPTS_DIR"/confoper_ph.sh -p overscan -i
Run 'configure overscan' function using stored default:"$PH_SUDO" "$PH_SCRIPTS_DIR"/confoper_ph.sh -p overscan -b def -u def -l def -r def
Run 'set state of SSH' function interactively:"$PH_SUDO" "$PH_SCRIPTS_DIR"/confoper_ph.sh -p ssh -i
Run 'set state of SSH' function using stored default:"$PH_SUDO" "$PH_SCRIPTS_DIR"/confoper_ph.sh -p ssh -s def
Run 'delete standard PI user' function interactively:"$PH_SUDO" "$PH_SCRIPTS_DIR"/confoper_ph.sh -p del_stduser -i
Run 'delete standard PI user' function using stored default:"$PH_SUDO" "$PH_SCRIPTS_DIR"/confoper_ph.sh -p del_stduser -d def
Run 'update system' function:"$PH_SUDO" "$PH_SCRIPTS_DIR"/confoper_ph.sh -p update
Run 'reboot system' function:"$PH_SUDO" "$PH_SCRIPTS_DIR"/confoper_ph.sh -p boot
Go to 'OSdefaults' submenu:ph_show_menu OSdefaults
Go to 'Main' menu:ph_show_menu Main
Go to 'Apps' menu:ph_show_menu Apps
Go to 'Controllers' menu:ph_show_menu Controllers
Go to 'Advanced' menu:ph_show_menu Advanced
Open Shell to home directory (Type 'CTRL-D' to return):cd;/bin/bash
Return to previous screen:return
