Uninstall PieHelper:confpieh_ph.sh -s
Configure PieHelper:confpieh_ph.sh -c
Unconfigure PieHelper:confpieh_ph.sh -u
List PieHelper current state and version:confpieh_ph.sh -g
List all available options for PieHelper:confopts_ph.sh -p list -a PieHelper
View the current value of PieHelper option(s) (Variable expansion disabled):confopts_ph.sh -p prompt -a PieHelper -g
View the current value of PieHelper option(s) (Variable expansion enabled):confopts_ph.sh -p prompt -a PieHelper -g -r
Change the value of read-write PieHelper option(s) (Variable expansion disabled):confopts_ph.sh -p prompt -a PieHelper -s
Change the value of read-write PieHelper option(s) (Variable expansion enabled):confopts_ph.sh -p prompt -a PieHelper -s -r
Display help for PieHelper option(s) (Variable expansion disabled):confopts_ph.sh -p prompt -a PieHelper -d
Display help for PieHelper option(s) (Variable expansion enabled):confopts_ph.sh -p prompt -a PieHelper -d -r
Display TTY currently allocated to PieHelper:confapps_ph.sh -p tty -a PieHelper
XBOX360 controllers menu:ph_show_menu XBOX360
PS3 controllers menu:ph_show_menu PS3
PS4 controllers menu:ph_show_menu PS4
AppManagement menu:ph_show_menu AppManagement
Apps menu:ph_show_menu Apps
Controllers menu:ph_show_menu Controllers
Advanced menu:ph_show_menu Advanced
Main menu:ph_show_menu Main
Return to previous menu:return
